[    0.000000] Initializing cgroup subsys cpuset
[    0.000000] Initializing cgroup subsys cpu
[    0.000000] Initializing cgroup subsys cpuacct
[    0.000000] Linux version 4.4.0-128-generic (buildd@lcy01-amd64-019) (gcc version 5.4.0 20160609 (Ubuntu 5.4.0-6ubuntu1~16.04.9) ) #154-Ubuntu SMP Fri May 25 14:15:18 UTC 2018 (Ubuntu 4.4.0-128.154-generic 4.4.131)
[    0.000000] Command line: BOOT_IMAGE=/boot/vmlinuz-4.4.0-128-generic root=UUID=c368322f-e84a-4241-ae6c-92464aecaa10 ro console=tty1 console=ttyS0
[    0.000000] KERNEL supported cpus:
[    0.000000]   Intel GenuineIntel
[    0.000000]   AMD AuthenticAMD
[    0.000000]   Centaur CentaurHauls
[    0.000000] x86/fpu: xstate_offset[2]:  576, xstate_sizes[2]:  256
[    0.000000] x86/fpu: Supporting XSAVE feature 0x01: 'x87 floating point registers'
[    0.000000] x86/fpu: Supporting XSAVE feature 0x02: 'SSE registers'
[    0.000000] x86/fpu: Supporting XSAVE feature 0x04: 'AVX registers'
[    0.000000] x86/fpu: Enabled xstate features 0x7, context size is 832 bytes, using 'standard' format.
[    0.000000] x86/fpu: Using 'lazy' FPU context switches.
[    0.000000] e820: BIOS-provided physical RAM map:
[    0.000000] BIOS-e820: [mem 0x0000000000000000-0x000000000009fbff] usable
[    0.000000] BIOS-e820: [mem 0x000000000009fc00-0x000000000009ffff] reserved
[    0.000000] BIOS-e820: [mem 0x00000000000f0000-0x00000000000fffff] reserved
[    0.000000] BIOSe820: [mem 0x0000000000100000-0x00000000dffeffff] usable
[    0.000000] BIOS-e820: [mem 0x00000000dfff0000-0x00000000dfffffff] ACPI data
[    0.000000] BIOS-e820: [mem 0x00000000fec00000-0x00000000fec00fff] reserved
[    0.000000] BIOS-e820: [mem 0x00000000fee00000-0x00000000fee00fff] reserved
[    0.000000] BIOS-e820: [mem 0x00000000fffc0000-0x00000000ffffffff] reserved
[    0.000000] BIOS-e820: [mem 0x0000000100000000-0x0000000125ffffff] usable
[    0.000000] NX (Execute Disable) protection: active
[    0.000000] SMBIOS 2.5 present.
[    0.000000] Hypervisor detected: KVM
[    0.000000] e820: last_pfn = 0x126000 max_arch_pfn = 0x400000000
[    0.000000] MTRR: Disabled
[    0.000000] x86/PAT: MTRRs disabled, skipping PAT initialization too.
[    0.000000] CPU MTRRs all blank - virtualized system.
[    0.000000] x86/PAT: Configuration [0-7]: WB  WT  UC- UC  WB  WT  UC- UC  
[    0.000000] e820: last_pfn = 0xdfff0 max_arch_pfn = 0x400000000
[    0.000000] found SMP MP-table at [mem 0x0009fff0-0x0009ffff] mapped at [ffff88000009fff0]
[    0.000000] Scanning 1 areas for low memory corruption
[    0.000000] RAMDISK: [mem 0x361f4000-0x370f1fff]
[    0.000000] ACPI: Early table checksum verification disabled
[    0.000000] ACPI: RSDP 0x00000000000E0000 000024 (v02 VBOX  )
[    0.000000] ACPI: XSDT 0x00000000DFFF0030 00003C (v01 VBOX   VBOXXSDT 00000001 ASL  00000061)
[    0.000000] ACPI: FACP 0x00000000DFFF00F0 0000F4 (v04 VBOX   VBOXFACP 00000001 ASL  00000061)
[    0.000000] ACPI: DSDT 0x00000000DFFF0470 0021FF (v02 VBOX   VBOXBIOS 00000002 INTL 20100528)
[    0.000000] ACPI: FACS 0x00000000DFFF0200 000040
[    0.000000] ACPI: FACS 0x00000000DFFF0200 000040
[    0.000000] ACPI: APIC 0x00000000DFFF0240 00005C (v02 VBOX   VBOXAPIC 00000001 ASL  00000061)
[    0.000000] ACPI: SSDT 0x00000000DFFF02A0 0001CC (v01 VBOX   VBOXCPUT 00000002 INTL 20100528)
[    0.000000] No NUMA configuration found
[    0.000000] Faking a node at [mem 0x0000000000000000-0x0000000125ffffff]
[    0.000000] NODE_DATA(0) allocated [mem 0x125ff7000-0x125ffbfff]
[    0.000000] kvm-clock: Using msrs 4b564d01 and 4b564d00
[    0.000000] kvm-clock: cpu 0, msr 1:25fef001, primary cpu clock
[    0.000000] kvm-clock: using sched offset of 3513294642 cycles
[    0.000000] clocksource: kvm-clock: mask: 0xffffffffffffffff max_cycles: 0x1cd42e4dffb, max_idle_ns: 881590591483 ns
[    0.000000] Zone ranges:
[    0.000000]   DMA      [mem 0x0000000000001000-0x0000000000ffffff]
[    0.000000]   DMA32    [mem 0x0000000001000000-0x00000000ffffffff]
[    0.000000]   Normal   [mem 0x0000000100000000-0x0000000125ffffff]
[    0.000000]   Device   empty
[    0.000000] Movable zone start for each node
[    0.000000] Early memory node ranges
[    0.000000]   node   0: [mem 0x0000000000001000-0x000000000009efff]
[    0.000000]   node   0: [mem 0x0000000000100000-000000000dffeffff]
[    0.000000]   node   0: [mem 0x0000000100000000-0x0000000125ffffff]
[    0.000000] Initmem setup node 0 [mem 0x0000000000001000-0x0000000125ffffff]
[    0.000000] ACPI: PM-Timer IO Port: 0x4008
[    0.000000] IOAPIC[0]: apic_id 2, version 32, address 0xfec00000, GSI 0-23
[    0.000000] ACPI: INT_SRC_OVR (bus 0 bus_irq 0 global_irq 2 dfl dfl)
[    0.000000] ACPI: INT_SRC_OVR (bus 0 bus_irq 9 global_irq 9 low level)
[    0.000000] Using ACPI (MADT) for SMP configuration information
[    0.000000] smpboot: Allowing 2 CPUs, 0 hotplug CPUs
[    0.000000] PM: Registered nosave memory: [mem 0x00000000-0x00000fff]
[    0.000000] PM: Registered nosave memory: [mem 0x0009f000-0x0009ffff]
[    0.000000] PM: Registered nosave memory: [mem 0x000a0000-0x000effff]
[    0.000000] PM: Registered nosave memory: [mem 0x000f0000-0x000fffff]
[    0.000000] PM: Registered nosave memory: [mem 0xdfff0000-0xdfffffff]
[    0.000000] PM: Registered nosave memory: [mem 0xe00000000-0xfebfffff]
[    0.000000] PM: Registered nosave memory: [mem 0xfec00000-0xfec00fff]
[    0.000000] PM: Registered nosave memory: [mem 0xfec01000-0xfedfffff]
[    0.000000] PM: Registered nosave memory: [mem 0xfee00000-0xfee00fff]
[    0.000000] PM: Registered nosave memory: [mem 0xfee01000-0xfffbffff]
[    0.000000] PM: Registered nosave memory: [mem 0xfffc0000-0xffffffff]
[    0.000000] e820: [mem 0xe0000000-0xfebfffff] available for PCI devices
[    0.000000] Booting paravirtualized kernel on KVM
[    0.000000] clocksource: refined-jiffies: mask: 0xffffffff max_cycles: 0xffffffff, max_idle_ns: 7645519600211568 ns
[    0.000000] setup_percpu: NR_CPUS:512 nr_cpumask_bits:512 nr_cpu_ids:2 nr_node_ids:1
[    0.000000] PERCPU: Embedded 34 pages/cpu @ffff880125c00000 s99544 r8192 d31528 u1048576
[    0.000000] PV qspinlock hash table entries: 256 (order: 0, 4096 bytes)
[    0.000000] Built 1 zonelists in Node order, mobility grouping on.  Total pages: 1056248
[    0.000000] Policy zone: Normal
[    0.000000] Kernel command line: BOOT_IMAGE=/boot/vmlinuz-4.4.0-128-generic root=UUID=c368322f-e84a-4241-ae6c-92464aecaa10 ro console=tty1 console=ttyS0
[    0.000000] PID hash table entries: 4096 (order: 3, 32768 bytes)
[    0.000000] Memory: 4123936K/4292152K available (8541K kernel code, 1313K rwdata, 4000K rodata, 1512K init, 1316K bss, 168216K reserved, 0K cma-reserved)
[    0.000000] SLUB: HWalign=64, Order=0-3, MinObjects=0, CPUs=2, Nodes=1
[    0.000000] Kernel/User page tables isolation: enabled
[    0.000000] Hierarchical RCU implementation.
[    0.000000] 	Build-time adjustment of leaf fanout to 64.
[    0.000000] 	RCU restricting CPUs from NR_CPUS=512 to nr_cpu_ids=2.
[    0.000000] RCU: Adjusting geometry for rcu_fanout_leaf=64, nr_cpu_ids=2
[    0.000000] NR_IRQS:33024 nr_irqs:440 16
[    0.000000] Console: colour VGA+ 80x25
[    0.000000] console [tty1] enabled
[    0.000000] console [ttyS0] enabled
[    0.000000] tsc: Detected 2593.990 MHz processor
[    0.493803] Calibrating delay loop (skipped) preset value.. 5187.98 BogoMIPS (lpj=10375960)
[    0.496486] pid_max: default: 32768 minimum: 301
[    0.497871] ACPI: Core revision 20150930
[    0.501340] ACPI: 2 ACPI AML tables successfully acquired and loaded
[    0.503306] Security Framework initialized
[    0.504847] Yama: becoming mindful.
[    0.506450] AppArmor: AppArmor initialized
[    0.514019] Dentry cache hash table entries: 1048576 (order: 11, 8388608 bytes)
[    0.524916] Inode-cache hash table entries: 524288 (order: 10, 4194304 bytes)
[    0.530892] Mount-cache hash table entries: 16384 (order: 5, 131072 bytes)
[    0.532791] Mountpoint-cache hash table entries: 16384 (order: 5, 131072 bytes)
[    0.536883] Initializing cgroup subsys io
[    0.538152] Initializing cgroup subsys memory
[    0.539446] Initializing cgroup subsys devices
[    0.540727] Initializing cgroup subsys freezer
[    0.542191] Initializing cgroup subsys net_cls
[    0.543826] Initializing cgroup subsys perf_event
[    0.545387] Initializing cgroup subsys net_prio
[    0.546836] Initializing cgroup subsys hugetlb
[    0.548328] Initializing cgroup subsys pids
[    0.549752] CPU: Physical Processor ID: 0
[    0.550791] CPU: Processor Core ID: 0
[    0.552678] mce: CPU supports 0 MCE banks
[    0.553899] Last level iTLB entries: 4KB 64, 2MB 8, 4MB 8
[    0.555233] Last level dTLB entries: 4KB 64, 2MB 0, 4MB 0, 1GB 4
[    0.556652] Spectre V2 : Mitigation: Full generic retpoline
[    0.558040] Spectre V2 : Speculation control IBPB not-supported IBRS not-supported
[    0.559781] Speculative Store Bypass: Vulnerable
[    0.563950] Freeing SMP alternatives memory: 32K
[    0.572652] ftrace: allocating 32236 entries in 126 pages
[    0.634116] smpboot: APIC(0) Converting physical 0 to logical package 0
[    0.635740] smpboot: Max logical packages: 1
[    0.637199] x2apic enabled
[    0.638320] Switched APIC routing to physical x2apic.
[    0.640927] ..TIMER: vector=0x30 apic1=0 pin1=2 apic2=-1 pin2=-1
[    0.749391] smpboot: CPU0: Intel(R) Core(TM) i7-5600U CPU @ 2.60GHz (family: 0x6, model: 0x3d, stepping: 0x4)
[    0.753094] Performance Events: unsupported p6 CPU model 61 no PMU driver, software events only.
[    0.756525] KVM setup paravirtual spinlock
[    0.758896] x86: Booting SMP configuration:
[    0.760055] .... node  #0, CPUs:      #1
[    0.761179] kvm-clock: cpu 1, msr 1:25fef041, secondary cpu clock
[    0.763099] mce: CPU supports 0 MCE banks
[    0.765728] x86: Booted up 1 node, 2 CPUs
[    0.767006] smpboot: Total of 2 processors activated (10375.96 BogoMIPS)
[    0.769030] devtmpfs: initialized
[    0.771376] evm: security.selinux
[    0.772320] evm: security.SMACK64
[    0.773241] evm: security.SMACK64EXEC
[    0.774227] evm: security.SMACK64TRANSMUTE
[    0.775328] evm: security.SMACK64MMAP
[    0.777643] evm: security.ima
[    0.778531] evm: security.capability
[    0.779695] clocksource: jiffies: mask: 0xffffffff max_cycles: 0xffffffff, max_idle_ns: 7645041785100000 ns
[    0.782393] futex hash table entries: 512 (order: 3, 32768 bytes)
[    0.784296] pinctrl core: initialized pinctrl subsystem
[    0.785854] RTC time: 10:08:11, date: 06/19/18
[    0.787109] NET: Registered protocol family 16
[    0.802113] cpuidle: using governor ladder
[    0.814768] cpuidle: using governor menu
[    0.815913] PCCT header not found.
[    0.823368] ACPI: bus type PCI registered
[    0.824584] acpiphp: ACPI Hot Plug PCI Controller Driver version: 0.5
[    0.826578] PCI: Using configuration type 1 for base access
[    0.843064] ACPI: Added _OSI(Module Device)
[    0.844181] ACPI: Added _OSI(Processor Device)
[    0.845323] ACPI: Added _OSI(3.0 _SCP Extensions)
[    0.846509] ACPI: Added _OSI(Processor Aggregator Device)
[    0.849132] ACPI: Executed 1 blocks of module-level executable AML code
[    0.852696] ACPI: Interpreter enabled
[    0.853654] ACPI: (supports S0 S5)
[    0.854561] ACPI: Using IOAPIC for interrupt routing
[    0.855908] PCI: Using host bridge windows from ACPI; if necessary, use "pci=nocrs" and report a bug
[    0.861832] ACPI: PCI Root Bridge [PCI0] (domain 0000 [bus 00-ff])
[    0.863558] acpi PNP0A03:00: _OSC: OS supports [ASPM ClockPM Segments MSI]
[    0.872396] acpi PNP0A03:00: _OSC: not requesting OS control; OS requires [ExtendedConfig ASPM ClockPM MSI]
[    0.874781] acpi PNP0A03:00: fail to add MMCONFIG information, can't access extended PCI configuration space under this bridge.
[    0.891511] PCI host bridge to bus 0000:00
[    0.892874] pci_bus 0000:00: root bus resource [io  0x0000-0x0cf7 window]
[    0.894658] pci_bus 0000:00: root bus resource [io  0x0d00-0xffff window]
[    0.896201] pci_bus 0000:00: root bus resource [mem 0x000a0000-0x000bffff window]
[    0.898235] pci_bus 0000:00: root bus resource [mem 0xe0000000-0xfdffffff window]
[    0.900165] pci_bus 0000:00: root bus resource [bus 00-ff]
[    0.903219] pci 0000:00:01.1: legacy IDE quirk: reg 0x10: [io  0x01f0-0x01f7]
[    0.905208] pci 0000:00:01.1: legacy IDE quirk: reg 0x14: [io  0x03f6]
[    0.906834] pci 0000:00:01.1: legacy IDE quirk: reg 0x18: [io  0x0170-0x0177]
[    0.908526] pci 0000:00:01.1: legacy IDE quirk: reg 0x1c: [io  0x0376]
[    0.968302] pci 0000:00:07.0: quirk: [io  0x4000-0x403f] claimed by PIIX4 ACPI
[    0.970249] pci 0000:00:07.0: quirk: [io  0x4100-0x410f] claimed by PIIX4 SMB
[    1.005426] ACPI: PCI Interrupt Link [LNKA] (IRQs 5 9 10 *11)
[    1.007910] ACPI: PCI Interrupt Link [LNKB] (IRQs 5 9 *10 11)
[    1.010326] ACPI: PCI Interrupt Link [LNKC] (IRQs 5 *9 10 11)
[    1.012577] ACPI: PCI Interrupt Link [LNKD] (IRQs 5 9 10 *11)
[    1.014930] ACPI: Enabled 2 GPEs in block 00 to 07
[    1.016846] vgaarb: setting as boot device: PCI:0000:00:02.0
[    1.018272] vgaarb: device added: PCI:0000:00:02.0,decodes=io+mem,owns=io+mem,locks=none
[    1.027357] vgaarb: loaded
[    1.028158] vgaarb: bridge control possible 0000:00:02.0
[    1.029722] SCSI subsystem initialized
[    1.030892] ACPI: bus type USB registered
[    1.031958] usbcore: registered new interface driver usbfs
[    1.033378] usbcore: registered new interface driver hub
[    1.034690] usbcore: registered new device driver usb
[    1.036112] PCI: Using ACPI for IRQ routing
[    1.037759] NetLabel: Initializing
[    1.038739] NetLabel:  domain hash size = 128
[    1.039839] NetLabel:  protocols = UNLABELED CIPSOv4
[    1.048424] NetLabel:  unlabeled traffic allowed by default
[    1.050624] amd_nb: Cannot enumerate AMD northbridges
[    1.052060] clocksource: Switched to clocksource kvm-clock
[    1.064973] AppArmor: AppArmor Filesystem Enabled
[    1.066269] pnp: PnP ACPI init
[    1.068169] pnp: PnP ACPI: found 3 devices
[    1.078686] clocksource: acpi_pm: mask: 0xffffff max_cycles: 0xffffff, max_idle_ns: 2085701024 ns
[    1.081132] NET: Registered protocol family 2
[    1.082666] TCP established hash table entries: 65536 (order: 7, 524288 bytes)
[    1.084971] TCP bind hash table entries: 65536 (order: 8, 1048576 bytes)
[    1.088448] TCP: Hash tables configured (established 65536 bind 65536)
[    1.090259] UDP hash table entries: 4096 (order: 5, 131072 bytes)
[    1.091820] UDP-Lite hash table entries: 4096 (order: 5, 131072 bytes)
[    1.093718] NET: Registered protocol family 1
[    1.095184] pci 0000:00:00.0: Limiting direct PCI/PCI transfers
[    1.096976] pci 0000:00:01.0: Activating ISA DMA hang workarounds
[    1.099173] Unpacking initramfs...
[    1.403846] Freeing initrd memory: 15352K
[    1.405199] PCI-DMA: Using software bounce buffering for IO (SWIOTLB)
[    1.406852] software IO TLB [mem 0xdbff0000-0xdfff0000] (64MB) mapped at [ffff8800dbff0000-ffff8800dffeffff]
[    1.409805] RAPL PMU detected, API unit is 2^-32 Joules, 4 fixed counters 10737418240 ms ovfl timer
[    1.412425] hw unit of domain pp0-core 2^-0 Joules
[    1.413611] hw unit of domain package 2^-0 Joules
[    1.414766] hw unit of domain dram 2^-0 Joules
[    1.416096] hw unit of domain pp1-gpu 2^-0 Joules
[    1.417421] platform rtc_cmos: registered platform RTC device (no PNP device found)
[    1.419388] Scanning for low memory corruption every 60 seconds
[    1.421194] audit: initializing netlink subsys (disabled)
[    1.422580] audit: type=2000 audit(1529402897.061:1): initialized
[    1.424275] Initialise system trusted keyring
[    1.432634] HugeTLB registered 2 MB page size, pre-allocated 0 pages
[    1.435708] zbud: loaded
[    1.436913] VFS: Disk quotas dquot_6.6.0
[    1.437992] VFS: Dquot-cache hash table entries: 512 (order 0, 4096 bytes)
[    1.439777] squashfs: version 4.0 (2009/01/31) Phillip Lougher
[    1.441598] fuse init (API version 7.23)
[    1.443315] Key type big_key registered
[    1.444579] Allocating IMA MOK and blacklist keyrings.
[    1.447443] Key type asymmetric registered
[    1.449122] Asymmetric key parser 'x509' registered
[    1.450585] Block layer SCSI generic (bsg) driver version 0.4 loaded (major 249)
[    1.452683] io scheduler noop registered
[    1.453706] io scheduler deadline registered (default)
[    1.454991] io scheduler cfq registered
[    1.456075] pci_hotplug: PCI Hot Plug PCI Core version: 0.5
[    1.459747] pciehp: PCI Express Hot Plug Controller Driver version: 0.4
[    1.462001] ACPI: AC Adapter [AC] (on-line)
[    1.463182] input: Power Button as /devices/LNXSYSTM:00/LNXPWRBN:00/input/input0
[    1.474129] ACPI: Power Button [PWRF]
[    1.481921] input: Sleep Button as /devices/LNXSYSTM:00/LNXSLPBN:00/input/input1
[    1.483822] ACPI: Sleep Button [SLPF]
[    1.485898] ACPI: Battery Slot [BAT0] (battery present)
[    1.487257] GHES: HEST is not enabled!
[    1.488398] Serial: 8250/16550 driver, 32 ports, IRQ sharing enabled
[    1.512508] 00:02: ttyS0 at I/O 0x3f8 (irq = 4, base_baud = 115200) is a 16550A
[    1.516745] Linux agpgart interface v0.103
[    1.521887] loop: module loaded
[    1.525328] scsi host0: ata_piix
[    1.527615] scsi host1: ata_piix
[    1.530087] ata1: PATA max UDMA/33 cmd 0x1f0 ctl 0x3f6 bmdma 0xd000 irq 14
[    1.537852] ata2: PATA max UDMA/33 cmd 0x170 ctl 0x376 bmdma 0xd008 irq 15
[    1.549291] libphy: Fixed MDIO Bus: probed
[    1.550781] tun: Universal TUN/TAP device driver, 1.6
[    1.552753] tun: (C) 1999-2004 Max Krasnyansky <maxk@qualcomm.com>
[    1.555112] PPP generic driver version 2.4.2
[    1.557125] ehci_hcd: USB 2.0 'Enhanced' Host Controller (EHCI) Driver
[    1.559311] ehci-pci: EHCI PCI platform driver
[    1.561333] ehci-platform: EHCI generic platform driver
[    1.562976] ohci_hcd: USB 1.1 'Open' Host Controller (OHCI) Driver
[    1.564616] ohci-pci: OHCI PCI platform driver
[    1.565988] ohci-platform: OHCI generic platform driver
[    1.567546] uhci_hcd: USB Universal Host Controller Interface driver
[    1.569664] i8042: PNP: PS/2 Controller [PNP0303:PS2K,PNP0f03:PS2M] at 0x60,0x64 irq 1,12
[    1.572242] serio: i8042 KBD port at 0x60,0x64 irq 1
[    1.575723] serio: i8042 AUX port at 0x60,0x64 irq 12
[    1.577679] mousedev: PS/2 mouse device common for all mice
[    1.585318] input: AT Translated Set 2 keyboard as /devices/platform/i8042/serio0/input/input2
[    1.587538] rtc_cmos rtc_cmos: rtc core: registered rtc_cmos as rtc0
[    1.589178] rtc_cmos rtc_cmos: alarms up to one day, 114 bytes nvram
[    1.590909] i2c /dev entries driver
[    1.592239] device-mapper: uevent: version 1.0.3
[    1.593883] device-mapper: ioctl: 4.34.0-ioctl (2015-10-28) initialised: dm-devel@redhat.com
[    1.596430] ledtrig-cpu: registered to indicate activity on CPUs
[    1.599314] NET: Registered protocol family 10
[    1.602548] NET: Registered protocol family 17
[    1.603979] Key type dns_resolver registered
[    1.607429] registered taskstats version 1
[    1.610926] Loading compiled-in X.509 certificates
[    1.613122] Loaded X.509 cert 'Build time autogenerated kernel key: fc7b57a7df019f2655f66a8a374d74ee8f4999fc'
[    1.615721] zswap: loaded using pool lzo/zbud
[    1.619544] Key type trusted registered
[    1.627261] Key type encrypted registered
[    1.636189] AppArmor: AppArmor sha1 policy hashing enabled
[    1.637694] ima: No TPM chip found, activating TPM-bypass!
[    1.639333] evm: HMAC attrs: 0x1
[    1.640884]   Magic number: 6:551:123
[    1.642069] acpi LNXSYBUS:01: hash matches
[    1.643246] rtc_cmos rtc_cmos: setting system clock to 2018-06-19 10:08:12 UTC (1529402892)
[    1.645491] BIOS EDD facility v0.16 2004-Jun-25, 0 devices found
[    1.647187] EDD information not available.
[    2.382007] Freeing unused kernel memory: 1512K
[    2.383228] Write protecting the kernel read-only data: 14336k
[    2.385395] Freeing unused kernel memory: 1688K
[    2.386806] Freeing unused kernel memory: 96K
Loading, please wait...
starting version 229
[    2.400971] random: systemd-udevd: uninitialized urandom read (16 bytes read, 3 bits of entropy available)
[    2.401518] random: udevadm: uninitialized urandom read (16 bytes read, 3 bits of entropy available)
[    2.401542] random: udevadm: uninitialized urandom read (16 bytes read, 3 bits of entropy available)
[    2.408675] random: systemd-udevd: uninitialized urandom read (16 bytes read, 3 bits of entropy available)
[    2.412169] random: udevadm: uninitialized urandom read (16 bytes read, 3 bits of entropy available)
[    2.412220] random: udevadm: uninitialized urandom read (16 bytes read, 3 bits of entropy available)
[    2.412389] random: udevadm: uninitialized urandom read (16 bytes read, 3 bits of entropy available)
[    2.412449] random: udevadm: uninitialized urandom read (16 bytes read, 3 bits of entropy available)
[    2.412508] random: udevadm: uninitialized urandom read (16 bytes read, 3 bits of entropy available)
[    2.412629] random: udevadm: uninitialized urandom read (16 bytes read, 3 bits of entropy available)
[    2.420402] tsc: Refined TSC clocksource calibration: 2593.467 MHz
[    2.420404] clocksource: tsc: mask: 0xffffffffffffffff max_cycles: 0x2562209b983, max_idle_ns: 440795243510 ns
[    2.482964] e1000: Intel(R) PRO/1000 Network Driver - version 7.3.21-k8-NAPI
[    2.484833] e1000: Copyright (c) 1999-2006 Intel Corporation.
[    2.490003] Fusion MPT base driver 3.04.20
[    2.497675] Copyright (c) 1999-2008 LSI Corporation
[    2.523920] Fusion MPT SPI Host driver 3.04.20
[    2.534346] AVX2 version of gcm_enc/dec engaged.
[    2.535570] AES CTR mode by8 optimization enabled
[    2.713874] input: ImExPS/2 Generic Explorer Mouse as /devices/platform/i8042/serio1/input/input4
[    3.035486] e1000 0000:00:03.0 eth0: (PCI:33MHz:32-bit) 02:e2:9f:2c:6c:68
[    3.046394] e1000 0000:00:03.0 eth0: Intel(R) PRO/1000 Network Connection
[    3.538095] e1000 0000:00:08.0 eth1: (PCI:33MHz:32-bit) 08:00:27:8c:dc:d6
[    3.539708] e1000 0000:00:08.0 eth1: Intel(R) PRO/1000 Network Connection
[    3.549787] mptbase: ioc0: Initiating bringup
[    3.549994] e1000 0000:00:08.0 enp0s8: renamed from eth1
[    3.564497] e1000 0000:00:03.0 enp0s3: renamed from eth0
[    3.620326] ioc0: LSI53C1030 A0: Capabilities={Initiator}
[    4.497478] scsi host2: ioc0: LSI53C1030 A0, FwRev=00000000h, Ports=1, MaxQ=256, IRQ=20
[    4.773449] scsi 2:0:0:0: Direct-Access     VBOX     HARDDISK         1.0  PQ: 0 ANSI: 5
[    4.776387] scsi target2:0:0: Beginning Domain Validation
[    4.779313] scsi target2:0:0: Domain Validation skipping write tests
[    4.781878] scsi target2:0:0: Ending Domain Validation
[    4.783133] scsi target2:0:0: asynchronous
[    4.784875] scsi 2:0:1:0: Direct-Access     VBOX     HARDDISK         1.0  PQ: 0 ANSI: 5
[    4.787347] scsi target2:0:1: Beginning Domain Validation
[    4.790030] scsi target2:0:1: Domain Validation skipping write tests
[    4.807938] scsi target2:0:1: Ending Domain Validation
[    5.035725] scsi target2:0:1: asynchronous
[    5.418888] sd 2:0:0:0: Attached scsi generic sg0 type 0
[    5.420222] sd 2:0:0:0: [sda] 20971520 512-byte logical blocks: (10.7 GB/10.0 GiB)
[    5.422289] sd 2:0:1:0: [sdb] 20480 512-byte logical blocks: (10.5 MB/10.0 MiB)
[    5.424091] sd 2:0:0:0: [sda] Write Protect is off
[    5.424111] sd 2:0:1:0: Attached scsi generic sg1 type 0
[    5.424229] sd 2:0:1:0: [sdb] Write Protect is off
[    5.424311] sd 2:0:1:0: [sdb] Incomplete mode parameter data
[    5.424312] sd 2:0:1:0: [sdb] Assuming drive cache: write through
[    5.468978] sd 2:0:0:0: [sda] Incomplete mode parameter data
[    5.470498] sd 2:0:0:0: [sda] Assuming drive cache: write through
[    5.476444]  sda: sda1
[    5.477620] sd 2:0:1:0: [sdb] Attached SCSI disk
[    5.479363] sd 2:0:0:0: [sda] Attached SCSI disk
Begin: Loading e[    6.948891] md: linear personality registered for level -1
ssential drivers ... [    6.960837] md: multipath personality registered for level -4
[    6.978195] md: raid0 personality registered for level 0
[    6.986295] md: raid1 personality registered for level 1
[    7.076229] raid6: sse2x1   gen()  6601 MB/s
[    7.144547] raid6: sse2x1   xor()  6193 MB/s
[    7.212462] raid6: sse2x2   gen()  9816 MB/s
[    7.280307] raid6: sse2x2   xor()  6161 MB/s
[    7.352190] raid6: sse2x4   gen() 11578 MB/s
[    7.420111] raid6: sse2x4   xor()  8872 MB/s
[    7.488237] raid6: avx2x1   gen() 18260 MB/s
[    7.564390] raid6: avx2x2   gen() 20644 MB/s
[    7.632236] raid6: avx2x4   gen() 23479 MB/s
[    7.646382] raid6: using algorithm avx2x4 gen() 23479 MB/s
[    7.647789] raid6: using avx2x2 recovery algorithm
[    7.650397] xor: automatically using best checksumming function:
[    7.688905]    avx       : 17578.000 MB/sec
[    7.698815] async_tx: api initialized (async)
[    7.723238] md: raid6 personality registered for level 6
[    7.738590] md: raid5 personality registered for level 5
[    7.746474] md: raid4 personality registered for level 4
[    7.754370] md: raid10 personality registered for level 10
done.
Begin: Running /scripts/init-premount ... done.
Begin: Mounting root file system ... Begin: Running /scripts/local-top ... done.
Begin: Running /scripts/local-premount ... [    7.796674] Btrfs loaded
Scanning for Btrfs filesystems
done.
Warning: fsck not present, so skipping root file system
[    7.852021] EXT4-fs (sda1): INFO: recovery required on readonly filesystem
[    7.853647] EXT4-fs (sda1): write access will be enabled during recovery
[    7.891346] EXT4-fs (sda1): recovery complete
[    7.892415] EXT4-fs (sda1): mounted filesystem with ordered data mode. Opts: (null)
done.
Begin: Running /scripts/local-bottom ... done.
Begin: Running /scripts/init-bottom ... done.
[    8.026331] systemd[1]: systemd 229 running in system mode. (+PAM +AUDIT +SELINUX +IMA +APPARMOR +SMACK +SYSVINIT +UTMP +LIBCRYPTSETUP +GCRYPT +GNUTLS +ACL +XZ -LZ4 +SECCOMP +BLKID +ELFUTILS +KMOD -IDN)
[    8.029679] systemd[1]: Detected virtualization oracle.
[    8.030942] systemd[1]: Detected architecture x86-64.

Welcome to [1mUbuntu 16.04.4 LTS[0m!

[    8.090796] systemd[1]: Set hostname to <ubuntu-xenial>.
[    8.294874] systemd[1]: Reached target User and Group Name Lookups.
[[0;32m  OK  [0m] Reached target User and Group Name Lookups.
[    8.297689] systemd[1]: Listening on /dev/initctl Compatibility Named Pipe.
[[0;32m  OK  [0m] Listening on /dev/initctl Compatibility Named Pipe.
[    8.325942] systemd[1]: Listening on Journal Socket (/dev/log).
[[0;32m  OK  [0m] Listening on Journal Socket (/dev/log).
[    8.344999] systemd[1]: Listening on udev Kernel Socket.
[[0;32m  OK  [0m] Listening on udev Kernel Socket.
[    8.348100] systemd[1]: Set up automount Arbitrary Executable File Formats File System Automount Point.
[[0;32m  OK  [0m] Set up automount Arbitrary Executab...ats File System Automount Point.
[    8.352535] systemd[1]: Listening on LVM2 metadata daemon socket.
[[0;32m  OK  [0m] Listening on LVM2 metadata daemon socket.
[    8.355539] systemd[1]: Started Forward Password Requests to Wall Directory Watch.
[[0;32m  OK  [0m] Started Forward Password Requests to Wall Directory Watch.
[    8.361504] systemd[1]: Listening on Device-mapper event daemon FIFOs.
[[0;32m  OK  [0m] Listening on Device-mapper event daemon FIFOs.
[    8.364570] systemd[1]: Reached target Swap.
[[0;32m  OK  [0m] Reached target Swap.
[    8.390199] systemd[1]: Listening on Journal Audit Socket.
[[0;32m  OK  [0m] Listening on Journal Audit Socket.
[    8.394966] systemd[1]: Created slice System Slice.
[[0;32m  OK  [0m] Created slice System Slice.
[    8.398068] systemd[1]: Created slice system-serial\x2dgetty.slice.
[[0;32m  OK  [0m] Created slice system-serial\x2dgetty.slice.
[    8.401243] systemd[1]: Reached target Encrypted Volumes.
[[0;32m  OK  [0m] Reached target Encrypted Volumes.
[    8.404232] systemd[1]: Listening on LVM2 poll daemon socket.
[[0;32m  OK  [0m] Listening on LVM2 poll daemon socket.
[    8.410488] systemd[1]: Reached target System Time Synchronized.
[[0;32m  OK  [0m] Reached target System Time Synchronized.
[    8.414260] systemd[1]: Created slice User and Session Slice.
[[0;32m  OK  [0m] Created slice User and Session Slice.
[    8.418328] systemd[1]: Reached target Slices.
[[0;32m  OK  [0m] Reached target Slices.
[    8.422372] systemd[1]: Started Trigger resolvconf update for networkd DNS.
[[0;32m  OK  [0m] Started Trigger resolvconf update for networkd DNS.
[    8.432828] systemd[1]: Listening on udev Control Socket.
[[0;32m  OK  [0m] Listening on udev Control Socket.
[    8.435990] systemd[1]: Listening on Syslog Socket.
[[0;32m  OK  [0m] Listening on Syslog Socket.
[    8.448179] systemd[1]: Listening on Journal Socket.
[[0;32m  OK  [0m] Listening on Journal Socket.
[    8.461203] systemd[1]: Starting Uncomplicated firewall...
         Starting Uncomplicated firewall...
[    8.467514] systemd[1]: Starting Create list of required static device nodes for the current kernel...
         Starting Create list of required st... nodes for the current kernel...
[    8.479870] systemd[1]: Mounting RPC Pipe File System...
         Mounting RPC Pipe File System...
[    8.484159] systemd[1]: Mounting Huge Pages File System...
         Mounting Huge Pages File System...
[    8.494958] systemd[1]: Starting Journal Service...
         Starting Journal Service...
[    8.504481] systemd[1]: Mounting Debug File System...
         Mounting Debug File System...
[    8.509598] systemd[1]: Starting Remount Root and Kernel File Systems...
         Starting Remount Root and Kernel File Systems...
[    8.513049] systemd[1]: Starting Set console keymap...
         Starting Set console keymap...
[    8.525029] systemd[1]: Starting Nameserver information manager...
[    8.527979] RPC: Registered named UNIX socket transport module.
[    8.529476] EXT4-fs (sda1): re-mounted. Opts: (null)
[    8.530802] RPC: Registered udp transport module.
[    8.530803] RPC: Registered tcp transport module.
[    8.530803] RPC: Registered tcp NFSv4.1 backchannel transport module.
         Starting Nameserver information manager...
[    8.542819] systemd[1]: Starting Monitoring of LVM2 mirrors, snapshots etc. using dmeventd or progress polling...
         Starting Monitoring of LVM2 mirrors... dmeventd or progress polling...
[    8.553069] systemd[1]: Mounting POSIX Message Queue File System...
         Mounting POSIX Message Queue File System...
[    8.617018] systemd[1]: Starting Load Kernel Modules...
         Starting Load Kernel Modules...
[    8.622666] systemd[1]: Mounted RPC Pipe File System.
[[0;32m  OK  [0m] Mounted RPC Pipe File System.
[    8.639335] Loading iSCSI transport class v2.0-870.
[    8.646682] systemd[1]: Mounted POSIX Message Queue File System.
[[0;32m  OK  [0m] Mounted POSIX Me[    8.668566] random: nonblocking pool is initialized
ssage Queue File System.
[    8.675653] systemd[1]: Mounted Debug File System.
[[0;32m  OK  [0m] Mounted Debug File System.
[    8.681540] iscsi: registered transport (tcp)
[    8.688449] systemd[1]: Mounted Huge Pages File System.
[[0;32m  OK  [0m] Mounted Huge Pages File System.
[    8.691695] systemd[1]: Started Journal Service.
[[0;32m  OK  [0m] Started Journal Service.
[[0;32m  OK  [0m] Started Uncomplicated firewall.
[[0;32m  OK  [0m] Started Create list of required sta...ce nodes for the current kernel.
[[0;32m  OK  [0m] Started Remount Root and Kernel File Systems.[    8.712334] iscsi: registered transport (iser)

[[0;32m  OK  [0m] Started Set console keymap.
[[0;32m  OK  [0m] Started Load Kernel Modules.
[[0;32m  OK  [0m] Started Nameserver information manager.
[[0;32m  OK  [0m] Started LVM2 metadata daemon.
         Starting Apply Kernel Variables...
         Mounting FUSE Control File System...
         Starting Load/Save Random Seed...
         Starting udev Coldplug all Devices...
         Starting Create Static Device Nodes in /dev...
         Starting Flush Journal to Persistent Storage...
[[0;32m  OK  [0m] Mounted FUSE Control File System.
[[0;32m  OK  [0m] Started Apply Kernel Variables.
[[0;32m  OK  [0m] Started Load/Save Random Seed.
[[0;32m  OK  [0m] Started Create Static Device Nodes in /dev.
[[0;32m  OK  [0m] Started udev Coldplug all Devices.
[[0;32m  OK  [0m] Started Flush Journal to Persistent Storage.
         Starting udev Kernel Device Manager...
[[0;32m  OK  [0m] Started udev Kernel Device Manager.
[[0;32m  OK  [0m] Started Dispatch Password Requests to Console Directory Watch.
[[0;32m  OK  [0m] Found device /dev/ttyS0.
[[0;32m  OK  [0m] Started Monitoring of LVM2 mirrors,...ng dmeventd or progress polling.
[[0;32m  OK  [0m] Reached target Local File Systems (Pre).
[[0;32m  OK  [0m] Reached target Local File Systems.
         Starting Tell Plymouth To Write Out Runtime Data...
         Starting Preprocess NFS configuration...
         Starting Initial cloud-init job (pre-networking)...
         Starting Set console font and keymap...
         Starting LSB: AppArmor initialization...
         Starting Create Volatile Files and Directories...
[[0;32m  OK  [0m] Started Tell Plymouth To Write Out Runtime Data.
[[0;32m  OK  [0m] Started Preprocess NFS configuration.
[[0;32m  OK  [0m] Started Create Volatile Files and Directories.
         Starting Update UTMP about System Boot/Shutdown...
[[0;32m  OK  [0m] Reached target NFS client services.
[[0;32m  OK  [0m] Started Update UTMP about System Boot/Shutdown.
[[0;32m  OK  [0m] Started LSB: AppArmor initialization.
[[0;32m  OK  [0m] Found device 82540EM Gigabit Ethern...r (PRO/1000 MT Desktop Adapter).
[[0;32m  OK  [0m] Listening on Load/Save RF Kill Switch Status /dev/rfkill Watch.
[[0;32m  OK  [0m] Found device 82540EM Gigabit Ethern...r (PRO/1000 MT Desktop Adapter).
[   10.025439] cloud-init[579]: Cloud-init v. 18.2 running 'init-local' at Tue, 19 Jun 2018 10:08:21 +0000. Up 9.65 seconds.
[[0;32m  OK  [0m] Started Set console font and keymap.
[[0;32m  OK  [0m] Started Initial cloud-init job (pre-networking).
[[0;32m  OK  [0m] Reached target Network (Pre).
         Starting Raise network interfaces...
[[0;32m  OK  [0m] Started ifup for enp0s3.
[[0;32m  OK  [0m] Started ifup for enp0s8.
[[0;32m  OK  [0m] Created slice system-getty.slice.
[[0;32m  OK  [0m] Started Raise network interfaces.
[[0;32m  OK  [0m] Reached target Network.
         Starting Initial cloud-init job (metadata service crawler)...
[   10.972567] cloud-init[1099]: Cloud-init v. 18.2 running 'init' at Tue, 19 Jun 2018 10:08:22 +0000. Up 10.64 seconds.
[   10.975610] cloud-init[1099]: ci-info: ++++++++++++++++++++++++++++++++++++++Net device info++++++++++++++++++++++++++++++++++++++
[   10.978709] cloud-init[1099]: ci-info: +--------+------+-----------------------------+---------------+-------+-------------------+
[   10.985247] cloud-init[1099]: ci-info: | Device |  Up  |           Address           |      Mask     | Scope |     Hw-Address    |
[   10.992940] cloud-init[1099]: ci-info: +--------+------+-----------------------------+---------------+-------+-------------------+
[   11.009145] cloud-init[1099]: ci-info: | enp0s3 | True |          10.0.2.15          | 255.255.255.0 |   .   | 02:e2:9f:2c:6c:68 |
[   11.011378] cloud-init[1099]: ci-info: | enp0s3 | True |  fe80::e2:9fff:fe2c:6c68/64 |       .       |  link | 02:e2:9f:2c:6c:68 |
[   11.014152] cloud-init[1099]: ci-info: | enp0s8 | True |       192.168.137.137       | 255.255.255.0 |   .   | 08:00:27:8c:dc:d6 |
[   11.016906] cloud-init[1099]: ci-info: | enp0s8 | True | fe80::a00:27ff:fe8c:dcd6/64 |       .       |  link | 08:00:27:8c:dc:d6 |
[   11.019744] cloud-init[1099]: ci-info: |   lo   | True |          127.0.0.1          |   255.0.0.0   |   .   |         .         |
[   11.061278] [[0;32m  OK  [0m] Started Initial cloud-init job (metadata service crawler).
cloud-init[[0;32m  OK  [0m] Reached target Cloud-config availability.
[[0;32m  OK  [0m] Reached target System Initialization.
[1099]: ci-info: |   lo   | True |           ::1/128           |       .       |  host |         .         |
         Starting LXD - unix socket.
[   11.139769] cloud-init[1099]: ci-info: +--------+------+-----------------------------+---------------+-------+-------------------+
[   11.164850] [[0;32m  OK  [0m] Started Daily apt download activities.
[[0;32m  OK  [0m] Listening on RPCbind Server Activation Socket.
cloud-init[1099]: ci-info: ++++++++++++++++++++++++++++Route IPv4 info+++++++++++++++++++++++++++++
[   11.175050]          Starting Socket activation for snappy daemon.
[[0;32m  OK  [0m] Listening on ACPID Listen Socket.
cloud-init[1099]: ci-info: +-------+---------------+----------+---------------+-----------+-------+
[   11.189040] [cloud-init[0;32m  OK  [0m[1099]: ] ci-info: | Route |  Destination  | Gateway  |    Genmask    | Interface | Flags |Listening on UUID daemon activation socket.

[   11.222422] [[0;32m  OK  [0m] Started Daily apt upgrade and clean activities.
[[0;32m  OK  [0m] Started Daily Cleanup of Temporary Directories.
[[0;32m  OK  [0m] Reached target Timers.
[[0;32m  OK  [0m] Listening on D-Bus System Message Bus Socket.
cloud-init[1099]: ci-info: +-------+---------------+----------+---------------+-----------+-------+
[   11.232238] [[0;32m  OK  [0m] Started ACPI Events Check.
[[0;32m  OK  [0m] Reached target Paths.
[[0;32m  OK  [0m] Reached target Network is Online.
cloud-init[1099]: ci-info: |   0   |    0.0.0.0    | 10.0.2.2 |    0.0.0.0    |   enp0s3  |   UG  |
[   11.236942] cloud-init[1099]: ci-info: |   1   |    10.0.2.0   | 0.0.0.0  | 255.255.255.0 |   enp0s3  |   U   |
[   11.239683] cloud-init[1099]: ci-info: |   2   | 192.168.137.0 | 0.0.0.0  | 255.255.255.0 |   enp0s8  |   U   |
[   11.242999] cloud-init[1099]:          Starting iSCSI initiator daemon (iscsid)...
ci-info: +-------+---------------+----------+---------------+-----------+-------+
[[0;32m  OK  [0m] Listening on LXD - unix socket.
[[0;32m  OK  [0m] Listening on Socket activation for snappy daemon.
[[0;32m  OK  [0m] Started iSCSI initiator daemon (iscsid).
         Starting Login to default iSCSI targets...
[[0;32m  OK  [0m] Reached target Sockets.
[[0;32m  OK  [0m] Reached target Basic System.
[[0;32m  OK  [0m] Started D-Bus System Message Bus.
         Starting Accounts Service...
         Starting vboxadd.service...
         Starting A high performance web server and a reverse proxy server...
[[0;32m  OK  [0m] Started ACPI event daemon.
         Starting Apply the settings specified in cloud-config...
         Starting LXD - container startup/shutdown...
         Starting Login Service...
         Starting System Logging Service...
         Starting /etc/rc.local Compatibility...
[[0;32m  OK  [0m] Started Unattended Upgrades Shutdown.
         Starting Snappy daemon...
[[0;32m  OK  [0m] Started Regular background program processing daemon.
         Starting LSB: Record successful boot for GRUB...
[[0;32m  OK  [0m] Started Deferred execution scheduler.
         Starting OpenBSD Secure Shell server...
         Starting LSB: MD monitoring daemon...
[[0;32m  OK  [0m] Started FUSE filesystem for LXC.
[[0;32m  OK  [0m] Started System Logging Service.
[[0;32m  OK  [0m] Started /etc/rc.local Compatibility.
[[0;32m  OK  [0m] Started OpenBSD Secure Shell server.
[[0;32m  OK  [0m] Started Login to default iSCSI targets.
[[0;32m  OK  [0m] Started LXD - container startup/shutdown.
[[0;32m  OK  [0m] Started LSB: Record successful boot for GRUB.
[[0;32m  OK  [0m] Started A high performance web server and a reverse proxy server.
[[0;32m  OK  [0m] Started Login Service.
[[0;32m  OK  [0m] Started vboxadd.service.
[[0;32m  OK  [0m] Started LSB: MD monitoring daemon.
[[0;32m  OK  [0m] Started Snappy daemon.
         Starting Wait until snapd is fully seeded...
         Starting vboxadd-service.service...
         Starting Authenticate and Authorize Users to Run Privileged Tasks...
[[0;32m  OK  [0m] Reached target Remote File Systems (Pre).
[[0;32m  OK  [0m] Reached target Remote File Systems.
         Starting Permit User Sessions...
         Starting LSB: daemon to balance interrupts for SMP systems...
         Starting LSB: automatic crash report generation...
         Starting LSB: Set the CPU Frequency Scaling governor to "ondemand"...
[[0;32m  OK  [0m] Started Wait until snapd is fully seeded.
[[0;1;31mFAILED[0m] Failed to start vboxadd-service.service.
See 'systemctl status vboxadd-service.service' for details.
[[0;32m  OK  [0m] Started Permit User Sessions.
[[0;32m  OK  [0m] Started Authenticate and Authorize Users to Run Privileged Tasks.
[[0;32m  OK  [0m] Started Accounts Service.
[[0;32m  OK  [0m] Started LSB: daemon to balance interrupts for SMP systems.
         Starting Terminate Plymouth Boot Screen...
         Starting Hold until boot process finishes up...
[[0;32m  OK  [0m] Started LSB: automatic crash report generation.
[[0;32m  OK  [0m] Started LSB: Set the CPU Frequency Scaling governor to "ondemand".
[[0;32m  OK  [0m] Started Terminate Plymouth Boot Screen.
[[0;32m  OK  [0m] Started Hold until boot process finishes up.
[[0;32m  OK  [0m] Started Serial Getty on ttyS0.
         Starting Set console scheme...
[[0;32m  OK  [0m] Started Getty on tty1.
[[0;32m  OK  [0m] Reached target Login Prompts.
[[0;32m  OK  [0m] Reached target Multi-User System.
[[0;32m  OK  [0m] Reached target Graphical Interface.
         Starting Update UTMP about System Runlevel Changes...
[[0;32m  OK  [0m] Started Set console scheme.
[[0;32m  OK  [0m] Started Update UTMP about System Runlevel Changes.
[   12.576930] cloud-init[1169]: Cloud-init v. 18.2 running 'modules:config' at Tue, 19 Jun 2018 10:08:23 +0000. Up 12.32 seconds.
[[0;32m  OK  [0m] Started Apply the settings specified in cloud-config.
         Starting Execute cloud user/final scripts...
[[0;32m  OK  [0m] Created slice User Slice of vagrant.
         Starting User Manager for UID 1000...
[[0;32m  OK  [0m] Started Session 1 of user vagrant.
[[0;32m  OK  [0m] Started User Manager for UID 1000.
[   13.410345] cloud-init[1360]: Cloud-init v. 18.2 running 'modules:final' at Tue, 19 Jun 2018 10:08:24 +0000. Up 13.14 seconds.
[   13.414407] cloud-init[1360]: Cloud-init v. 18.2 finished at Tue, 19 Jun 2018 10:08:24 +0000. Datasource DataSourceNoCloud [seed=/dev/sdb][dsmode=net].  Up 13.40 seconds
[[0;32m  OK  [0m] Started Execute cloud user/final scripts.
         Starting Daily apt download activities...
[[0;32m  OK  [0m] Reached target Cloud-init target.

Ubuntu 16.04.4 LTS ubuntu-xenial ttyS0

ubuntu-xenial login: [[0;32m  OK  [0m] Stopped target Graphical Interface.
[[0;32m  OK  [0m] Closed Load/Save RF Kill Switch Status /dev/rfkill Watch.
         Stopping Session 10 of user vagrant.
         Unmounting RPC Pipe File System...
         Stopping User Manager for UID 1000...
         Stopping Authenticate and Authorize Users to Run Privileged Tasks...
         Stopping Accounts Service...
[[0;32m  OK  [0m] Stopped target u         Stopping LSB: daemon to balance interrupts for SMP systems...
         Stopping D-Bus System Message Bus...
[[0;32m  OK  [0m] Stopped Daily Cleanup of Temporary Directories.
[[0;32m  OK  [0m] Stopped Wait until snapd is fully seeded.
         Stopping Snappy daemon...
         Stopping LSB: automatic crash report generation...
[[0;32m  OK  [0m] Stopped Apply the settings specified in cloud-config.
[[0;32m  OK  [0m] Stopped target Cloud-config availability.
         Stopping Deferred execution scheduler...
         Stopping ACPI event daemon...
         Stopping FUSE filesystem for LXC...
         Stopping Regular background program processing daemon...
[[0;32m  OK  [0m] Unmounted /var/lib/lxcfs.
[[0;32m  OK  [0m] Stopped Accounts Service.
[[0;32m  OK  [0m] Stopped System Logging Service.
[[0;32m  OK  [0m] Stopped Snappy daemon.
[[0;32m  OK  [0m] Stopped Regular background program processing daemon.
[[0;32m  OK  [0m] Stopped Deferred execution scheduler.
[[0;32m  OK  [0m] Stopped OpenBSD Secure Shell server.
[[0;32m  OK  [0m] Stopped Authenticate and Authorize Users to Run Privileged Tasks.
[[0;32m  OK  [0m] Stopped Serial Getty on ttyS0.
[[0;32m  OK  [0m] Stopped Getty on tty1.
[[0;32m  OK  [0m] Stopped User Manager for UID 1000.
[[0;32m  OK  [0m] Stopped ACPI event daemon.
[[0;32m  OK  [0m] Unmounted RPC Pipe File System.
[[0;32m  OK  [0m] Stopped Session 10 of user vagrant.
[[0;32m  OK  [0m] Stopped A high performance web server and a reverse proxy server.
[[0;32m  OK  [0m] Stopped Unattended Upgrades Shutdown.
[[0;32m  OK  [0m] Stopped D-Bus System Message Bus.
[[0;32m  OK  [0m] Stopped FUSE filesystem for LXC.
[[0;32m  OK  [0m] Stopped vboxadd.service.
[[0;32m  OK  [0m] Unmounted /vagrant.
[[0;32m  OK  [0m] Stopped LXD - container startup/shutdown.
[[0;32m  OK  [0m] Stopped LSB: automatic crash report generation.
[[0;32m  OK  [0m] Stopped LSB: daemon to balance interrupts for SMP systems.
[[0;32m  OK  [0m] Stopped LSB: Set the CPU Frequency Scaling governor to "ondemand".
[[0;32m  OK  [0m] Stopped LSB: MD monitoring daemon.
[[0;32m  OK  [0m] Stopped LSB: Record successful boot for GRUB.
[[0;32m  OK  [0m] Removed slice User Slice of vagrant.
         Stopping Login Service...
[[0;32m  OK  [0m] Removed slice system-getty.slice.
         Stopping Permit User Sessions...
[[0;32m  OK  [0m] Stopped /etc/rc.local Compatibility.
[[0;32m  OK  [0m] Removed slice system-serial\x2dgetty.slice.
[[0;32m  OK  [0m] Stopped Login Service.
[[0;32m  OK  [0m] Stopped Permit User Sessions.
[[0;32m  OK  [0m] Stopped target Remote File Systems.
         Unmounting /var/www/project...
[[0;32m  OK  [0m] Stopped target User and Group Name Lookups.
[[0;32m  OK  [0m] Stopped target Basic System.
[[0;32m  OK  [0m] Stopped target Sockets.
[[0;32m  OK  [0m] Closed UUID daemon activation socket.
[[0;32m  OK  [0m] Closed Syslog Socket.
[[0;32m  OK  [0m] Closed D-Bus System Message Bus Socket.
[[0;32m  OK  [0m] Closed LXD - unix socket.
[[0;32m  OK  [0m] Closed Socket activation for snappy daemon.
[[0;32m  OK  [0m] Closed ACPID Listen Socket.
[[0;32m  OK  [0m] Closed RPCbind Server Activation Socket.
[[0;32m  OK  [0m] Stopped target Slices.
[[0;32m  OK  [0m] Removed slice User and Session Slice.
[[0;32m  OK  [0m] Stopped target Paths.
[[0;32m  OK  [0m] Stopped Forward Password Requests to Wall Directory Watch.
[[0;32m  OK  [0m] Stopped ACPI Events Check.
[[0;32m  OK  [0m] Stopped Dispatch Password Requests to Console Directory Watch.
[[0;32m  OK  [0m] Stopped target System Initialization.
[[0;32m  OK  [0m] Stopped target Swap.
[[0;32m  OK  [0m] Stopped target Encrypted Volumes.
         Stopping Load/Save Random Seed...
[[0;32m  OK  [0m] Stopped Create Volatile Files and Directories.
[[0;32m  OK  [0m] Unmounted /var/www/project.
[[0;32m  OK  [0m] Stopped Load/Save Random Seed.
[[0;32m  OK  [0m] Stopped target Remote File Systems (Pre).
[[0;32m  OK  [0m] Stopped target NFS client services.
         Stopping Login to default iSCSI targets...
[[0;32m  OK  [0m] Stopped Login to default iSCSI targets.
         Stopping iSCSI initiator daemon (iscsid)...
[[0;32m  OK  [0m] Stopped iSCSI initiator daemon (iscsid).
[[0;32m  OK  [0m] Stopped target Network is Online.
[[0;32m  OK  [0m] Stopped Initial cloud-init job (metadata service crawler).
[[0;32m  OK  [0m] Stopped target Network.
         Stopping Raise network interfaces...
[[0;32m  OK  [0m] Stopped Raise network interfaces.
[[0;32m  OK  [0m] Stopped target Local File Systems.
         Unmounting /run/user/1000...
[[0;32m  OK  [0m] Stopped Apply Kernel Variables.
[[0;32m  OK  [0m] Stopped Load Kernel Modules.
[[0;32m  OK  [0m] Stopped target Network (Pre).
[[0;32m  OK  [0m] Stopped Initial cloud-init job (pre-networking).
[[0;32m  OK  [0m] Unmounted /run/user/1000.
[[0;32m  OK  [0m] Reached target Unmount All Filesystems.
[[0;32m  OK  [0m] Stopped target Local File Systems (Pre).
         Stopping Monitoring of LVM2 mirrors... dmeventd or progress polling...
[[0;32m  OK  [0m] Stopped Create Static Device Nodes in /dev.
[[0;32m  OK  [0m] Stopped Remount Root and Kernel File Systems.
[[0;32m  OK  [0m] Reached target Shutdown.
[12410765] reboot Powr ow

